<?xml version="1.0" encoding="UTF-8"?>
<!-- Generated by org.testng.reporters.JUnitXMLReporter -->
<testsuite ignored="6" hostname="DESKTOP-F7CSG0V" failures="0" tests="14" name="SmokeUITests" time="53.635" errors="0" timestamp="2025-08-13T19:50:20 EDT">
  <testcase classname="smoke.homepage.LoadingTest" name="testHomePageLoads" time="0.766"/>
  <testcase classname="smoke.signup_login.NewUserSignUpTest" name="verifySignUpFormHeaderVisibility" time="1.061"/>
  <testcase classname="smoke.signup_login.NewUserSignUpTest" name="verifySignUpFormFunctionality" time="11.969"/>
  <testcase classname="smoke.signup_login.NewUserSignUpTest" name="verifySignUpAccountInformationFunctionality" time="13.695"/>
  <testcase classname="smoke.homepage.NavBarTests" name="apiTestingNavBarVisibleAndClickable" time="1.395"/>
  <testcase classname="smoke.homepage.NavBarTests" name="cartNavBarVisibleAndClickable" time="1.42"/>
  <testcase classname="smoke.homepage.NavBarTests" name="contactUsNavBarVisibleAndClickable" time="1.282"/>
  <testcase classname="smoke.homepage.NavBarTests" name="homeNavBarVisibleAndClickable" time="1.289"/>
  <testcase classname="smoke.homepage.NavBarTests" name="productsNavBarVisibleAndClickable" time="1.274"/>
  <testcase classname="smoke.homepage.NavBarTests" name="signUpLoginNavBarVisibleAndClickable" time="1.172"/>
  <testcase classname="smoke.homepage.NavBarTests" name="testCasesNavBarVisibleAndClickable" time="1.218"/>
  <testcase classname="smoke.homepage.NavBarTests" name="videoTutorialsNavBarVisibleAndClickable" time="2.249"/>
  <testcase classname="smoke.signup_login.UserLoginTest" name="verifyLoginFormHeader" time="0.936"/>
  <testcase classname="smoke.signup_login.UserLoginTest" name="verifyLoginFormFunctionality" time="1.942"/>
  <testcase classname="base.BaseTest" name="@BeforeSuite setupSuite" time="0.0">
    <ignored/>
  </testcase> <!-- @BeforeSuite setupSuite -->
  <testcase classname="base.BaseTest" name="@AfterSuite tearDownSuite" time="0.0">
    <ignored/>
  </testcase> <!-- @AfterSuite tearDownSuite -->
  <testcase classname="base.BaseTest" name="@BeforeSuite setupSuite" time="0.0">
    <ignored/>
  </testcase> <!-- @BeforeSuite setupSuite -->
  <testcase classname="base.BaseTest" name="@AfterSuite tearDownSuite" time="0.0">
    <ignored/>
  </testcase> <!-- @AfterSuite tearDownSuite -->
  <testcase classname="base.BaseTest" name="@AfterSuite tearDownSuite" time="0.0">
    <ignored/>
  </testcase> <!-- @AfterSuite tearDownSuite -->
  <testcase classname="base.BaseTest" name="@BeforeSuite setupSuite" time="0.0">
    <ignored/>
  </testcase> <!-- @BeforeSuite setupSuite -->
</testsuite> <!-- SmokeUITests -->
