<?xml version="1.0" encoding="UTF-8"?>
<!-- Generated by org.testng.reporters.JUnitXMLReporter -->
<testsuite ignored="2" hostname="DESKTOP-F7CSG0V" failures="0" tests="1" name="Default test" time="4.671" errors="0" timestamp="2025-08-14T09:59:06 EDT">
  <testcase classname="smoke.signup_login.LoginLogoutTest" name="verifyLogoutFunctionality" time="2.971"/>
  <testcase classname="smoke.signup_login.LoginLogoutTest" name="verifyLoginFunctionality" time="0.0">
    <ignored/>
  </testcase> <!-- verifyLoginFunctionality -->
  <testcase classname="smoke.signup_login.LoginLogoutTest" name="verifyLoginHeader" time="0.0">
    <ignored/>
  </testcase> <!-- verifyLoginHeader -->
</testsuite> <!-- Default test -->
