<?xml version="1.0" encoding="UTF-8"?>
<testng-results ignored="0" total="1" passed="1" failed="0" skipped="0">
  <reporter-output>
  </reporter-output>
  <suite started-at="2025-08-14T09:59:01 EDT" name="Default suite" finished-at="2025-08-14T09:59:06 EDT" duration-ms="4671">
    <groups>
      <group name="smoke">
        <method signature="LoginLogoutTest.verifyLogoutFunctionality()[pri:2, instance:smoke.signup_login.LoginLogoutTest@6743e411]" name="verifyLogoutFunctionality" class="smoke.signup_login.LoginLogoutTest"/>
      </group> <!-- smoke -->
    </groups>
    <test started-at="2025-08-14T09:59:01 EDT" name="Default test" finished-at="2025-08-14T09:59:06 EDT" duration-ms="4671">
      <class name="smoke.signup_login.LoginLogoutTest">
        <test-method is-config="true" signature="setupSuite()[pri:0, instance:smoke.signup_login.LoginLogoutTest@6743e411]" started-at="2025-08-14T09:59:01 EDT" name="setupSuite" finished-at="2025-08-14T09:59:01 EDT" duration-ms="209" status="PASS">
          <reporter-output>
          </reporter-output>
        </test-method> <!-- setupSuite -->
        <test-method is-config="true" signature="baseSetUp(java.lang.reflect.Method)[pri:0, instance:smoke.signup_login.LoginLogoutTest@6743e411]" started-at="2025-08-14T09:59:01 EDT" name="baseSetUp" finished-at="2025-08-14T09:59:03 EDT" duration-ms="1518" status="PASS">
          <params>
            <param index="0">
              <value>
                <![CDATA[public void smoke.signup_login.LoginLogoutTest.verifyLogoutFunctionality()]]>
              </value>
            </param>
          </params>
          <reporter-output>
          </reporter-output>
        </test-method> <!-- baseSetUp -->
        <test-method is-config="true" signature="setUpMethod()[pri:0, instance:smoke.signup_login.LoginLogoutTest@6743e411]" started-at="2025-08-14T09:59:03 EDT" name="setUpMethod" finished-at="2025-08-14T09:59:03 EDT" duration-ms="28" status="PASS">
          <reporter-output>
          </reporter-output>
        </test-method> <!-- setUpMethod -->
        <test-method signature="verifyLogoutFunctionality()[pri:2, instance:smoke.signup_login.LoginLogoutTest@6743e411]" started-at="2025-08-14T09:59:03 EDT" name="verifyLogoutFunctionality" finished-at="2025-08-14T09:59:06 EDT" duration-ms="2971" status="PASS">
          <reporter-output>
          </reporter-output>
        </test-method> <!-- verifyLogoutFunctionality -->
        <test-method is-config="true" signature="baseTearDown(org.testng.ITestResult)[pri:0, instance:smoke.signup_login.LoginLogoutTest@6743e411]" started-at="2025-08-14T09:59:06 EDT" name="baseTearDown" finished-at="2025-08-14T09:59:06 EDT" duration-ms="126" status="PASS">
          <params>
            <param index="0">
              <value>
                <![CDATA[[TestResult name=verifyLogoutFunctionality status=SUCCESS method=LoginLogoutTest.verifyLogoutFunctionality()[pri:2, instance:smoke.signup_login.LoginLogoutTest@6743e411] output={null}]]]>
              </value>
            </param>
          </params>
          <reporter-output>
          </reporter-output>
        </test-method> <!-- baseTearDown -->
        <test-method is-config="true" signature="tearDownSuite()[pri:0, instance:smoke.signup_login.LoginLogoutTest@6743e411]" started-at="2025-08-14T09:59:06 EDT" name="tearDownSuite" finished-at="2025-08-14T09:59:06 EDT" duration-ms="239" status="PASS">
          <reporter-output>
          </reporter-output>
        </test-method> <!-- tearDownSuite -->
      </class> <!-- smoke.signup_login.LoginLogoutTest -->
    </test> <!-- Default test -->
  </suite> <!-- Default suite -->
</testng-results>
